{"D:\\Programs\\VS Code projects\\lol-champions\\src\\components\\UI\\Button.tsx": {"path":"D:\\Programs\\VS Code projects\\lol-champions\\src\\components\\UI\\Button.tsx","all":false,"statementMap":{"1":{"start":{"line":2,"column":0},"end":{"line":2,"column":39}},"10":{"start":{"line":11,"column":0},"end":{"line":11,"column":48}},"11":{"start":{"line":12,"column":0},"end":{"line":12,"column":23}},"12":{"start":{"line":13,"column":0},"end":{"line":13,"column":25}},"13":{"start":{"line":14,"column":0},"end":{"line":14,"column":38}},"14":{"start":{"line":15,"column":0},"end":{"line":15,"column":39}},"15":{"start":{"line":16,"column":0},"end":{"line":16,"column":34}},"16":{"start":{"line":17,"column":0},"end":{"line":17,"column":5}},"17":{"start":{"line":18,"column":0},"end":{"line":18,"column":5}},"19":{"start":{"line":20,"column":0},"end":{"line":20,"column":25}},"20":{"start":{"line":21,"column":0},"end":{"line":21,"column":25}},"21":{"start":{"line":22,"column":0},"end":{"line":22,"column":34}},"22":{"start":{"line":23,"column":0},"end":{"line":23,"column":34}},"23":{"start":{"line":24,"column":0},"end":{"line":24,"column":29}},"24":{"start":{"line":25,"column":0},"end":{"line":25,"column":5}},"25":{"start":{"line":26,"column":0},"end":{"line":26,"column":5}},"34":{"start":{"line":35,"column":0},"end":{"line":35,"column":14}},"35":{"start":{"line":36,"column":0},"end":{"line":36,"column":25}},"36":{"start":{"line":37,"column":0},"end":{"line":37,"column":14}},"47":{"start":{"line":48,"column":0},"end":{"line":48,"column":5}},"49":{"start":{"line":50,"column":0},"end":{"line":50,"column":28}},"50":{"start":{"line":51,"column":0},"end":{"line":51,"column":23}},"51":{"start":{"line":52,"column":0},"end":{"line":52,"column":16}},"60":{"start":{"line":61,"column":0},"end":{"line":61,"column":21}},"61":{"start":{"line":62,"column":0},"end":{"line":62,"column":16}},"71":{"start":{"line":72,"column":0},"end":{"line":72,"column":14}},"72":{"start":{"line":73,"column":0},"end":{"line":73,"column":16}},"81":{"start":{"line":82,"column":0},"end":{"line":82,"column":5}},"82":{"start":{"line":83,"column":0},"end":{"line":83,"column":4}},"84":{"start":{"line":85,"column":0},"end":{"line":85,"column":32}},"90":{"start":{"line":91,"column":0},"end":{"line":91,"column":4}},"93":{"start":{"line":94,"column":0},"end":{"line":94,"column":25}},"94":{"start":{"line":95,"column":0},"end":{"line":95,"column":12}},"95":{"start":{"line":96,"column":0},"end":{"line":96,"column":23}},"96":{"start":{"line":97,"column":0},"end":{"line":97,"column":18}},"97":{"start":{"line":98,"column":0},"end":{"line":98,"column":19}},"98":{"start":{"line":99,"column":0},"end":{"line":99,"column":10}},"99":{"start":{"line":100,"column":0},"end":{"line":100,"column":20}},"100":{"start":{"line":101,"column":0},"end":{"line":101,"column":10}},"101":{"start":{"line":102,"column":0},"end":{"line":102,"column":17}},"102":{"start":{"line":103,"column":0},"end":{"line":103,"column":23}},"103":{"start":{"line":104,"column":0},"end":{"line":104,"column":17}},"104":{"start":{"line":105,"column":0},"end":{"line":105,"column":25}},"105":{"start":{"line":106,"column":0},"end":{"line":106,"column":16}},"107":{"start":{"line":108,"column":0},"end":{"line":108,"column":16}},"108":{"start":{"line":109,"column":0},"end":{"line":109,"column":19}},"110":{"start":{"line":111,"column":0},"end":{"line":111,"column":2}}},"s":{"1":1,"10":1,"11":1,"12":3,"13":3,"14":3,"15":3,"16":3,"17":3,"19":1,"20":3,"21":3,"22":3,"23":3,"24":3,"25":3,"34":1,"35":3,"36":0,"47":0,"49":3,"50":3,"51":0,"60":3,"61":0,"71":3,"72":3,"81":3,"82":3,"84":1,"90":1,"93":1,"94":3,"95":3,"96":3,"97":3,"98":3,"99":3,"100":3,"101":3,"102":3,"103":3,"104":3,"105":3,"107":3,"108":3,"110":3},"branchMap":{"0":{"type":"branch","line":12,"loc":{"start":{"line":12,"column":13},"end":{"line":18,"column":5}},"locations":[{"start":{"line":12,"column":13},"end":{"line":18,"column":5}}]},"1":{"type":"branch","line":14,"loc":{"start":{"line":14,"column":6},"end":{"line":14,"column":38}},"locations":[{"start":{"line":14,"column":6},"end":{"line":14,"column":38}}]},"2":{"type":"branch","line":15,"loc":{"start":{"line":15,"column":6},"end":{"line":15,"column":39}},"locations":[{"start":{"line":15,"column":6},"end":{"line":15,"column":39}}]},"3":{"type":"branch","line":20,"loc":{"start":{"line":20,"column":15},"end":{"line":26,"column":5}},"locations":[{"start":{"line":20,"column":15},"end":{"line":26,"column":5}}]},"4":{"type":"branch","line":22,"loc":{"start":{"line":22,"column":6},"end":{"line":22,"column":34}},"locations":[{"start":{"line":22,"column":6},"end":{"line":22,"column":34}}]},"5":{"type":"branch","line":23,"loc":{"start":{"line":23,"column":6},"end":{"line":23,"column":34}},"locations":[{"start":{"line":23,"column":6},"end":{"line":23,"column":34}}]},"6":{"type":"branch","line":35,"loc":{"start":{"line":35,"column":4},"end":{"line":83,"column":4}},"locations":[{"start":{"line":35,"column":4},"end":{"line":83,"column":4}}]},"7":{"type":"branch","line":36,"loc":{"start":{"line":36,"column":24},"end":{"line":48,"column":5}},"locations":[{"start":{"line":36,"column":24},"end":{"line":48,"column":5}}]},"8":{"type":"branch","line":51,"loc":{"start":{"line":51,"column":6},"end":{"line":52,"column":16}},"locations":[{"start":{"line":51,"column":6},"end":{"line":52,"column":16}}]},"9":{"type":"branch","line":61,"loc":{"start":{"line":61,"column":6},"end":{"line":62,"column":16}},"locations":[{"start":{"line":61,"column":6},"end":{"line":62,"column":16}}]},"10":{"type":"branch","line":85,"loc":{"start":{"line":85,"column":4},"end":{"line":85,"column":32}},"locations":[{"start":{"line":85,"column":4},"end":{"line":85,"column":32}}]},"11":{"type":"branch","line":85,"loc":{"start":{"line":85,"column":19},"end":{"line":85,"column":32}},"locations":[{"start":{"line":85,"column":19},"end":{"line":85,"column":32}}]},"12":{"type":"branch","line":94,"loc":{"start":{"line":94,"column":22},"end":{"line":111,"column":2}},"locations":[{"start":{"line":94,"column":22},"end":{"line":111,"column":2}}]}},"b":{"0":[3],"1":[0],"2":[0],"3":[3],"4":[0],"5":[0],"6":[3],"7":[0],"8":[0],"9":[0],"10":[3],"11":[0],"12":[3]},"fnMap":{"0":{"name":"Button.children.children","decl":{"start":{"line":12,"column":13},"end":{"line":18,"column":5}},"loc":{"start":{"line":12,"column":13},"end":{"line":18,"column":5}},"line":12},"1":{"name":"Button.children.children","decl":{"start":{"line":20,"column":15},"end":{"line":26,"column":5}},"loc":{"start":{"line":20,"column":15},"end":{"line":26,"column":5}},"line":20},"2":{"name":"Button.children.children","decl":{"start":{"line":35,"column":4},"end":{"line":83,"column":4}},"loc":{"start":{"line":35,"column":4},"end":{"line":83,"column":4}},"line":35},"3":{"name":"Button","decl":{"start":{"line":94,"column":22},"end":{"line":111,"column":2}},"loc":{"start":{"line":94,"column":22},"end":{"line":111,"column":2}},"line":94}},"f":{"0":3,"1":3,"2":3,"3":3}}
,"D:\\Programs\\VS Code projects\\lol-champions\\src\\components\\UI\\ChampionCard.tsx": {"path":"D:\\Programs\\VS Code projects\\lol-champions\\src\\components\\UI\\ChampionCard.tsx","all":false,"statementMap":{"0":{"start":{"line":1,"column":0},"end":{"line":1,"column":39}},"1":{"start":{"line":2,"column":0},"end":{"line":2,"column":33}},"3":{"start":{"line":4,"column":0},"end":{"line":4,"column":34}},"4":{"start":{"line":5,"column":0},"end":{"line":5,"column":65}},"11":{"start":{"line":12,"column":0},"end":{"line":12,"column":24}},"26":{"start":{"line":27,"column":0},"end":{"line":27,"column":34}},"34":{"start":{"line":35,"column":0},"end":{"line":35,"column":25}},"40":{"start":{"line":41,"column":0},"end":{"line":41,"column":19}},"45":{"start":{"line":46,"column":0},"end":{"line":46,"column":29}},"58":{"start":{"line":59,"column":0},"end":{"line":59,"column":27}},"62":{"start":{"line":63,"column":0},"end":{"line":63,"column":23}},"69":{"start":{"line":70,"column":0},"end":{"line":70,"column":23}},"76":{"start":{"line":77,"column":0},"end":{"line":77,"column":29}},"87":{"start":{"line":88,"column":0},"end":{"line":88,"column":34}},"94":{"start":{"line":95,"column":0},"end":{"line":95,"column":28}},"101":{"start":{"line":102,"column":0},"end":{"line":102,"column":46}},"115":{"start":{"line":116,"column":0},"end":{"line":116,"column":49}},"121":{"start":{"line":122,"column":0},"end":{"line":122,"column":35}},"126":{"start":{"line":127,"column":0},"end":{"line":127,"column":81}},"127":{"start":{"line":128,"column":0},"end":{"line":128,"column":55}},"128":{"start":{"line":129,"column":0},"end":{"line":129,"column":57}},"129":{"start":{"line":130,"column":0},"end":{"line":130,"column":18}},"130":{"start":{"line":131,"column":0},"end":{"line":131,"column":74}},"131":{"start":{"line":132,"column":0},"end":{"line":132,"column":23}},"132":{"start":{"line":133,"column":0},"end":{"line":133,"column":29}},"133":{"start":{"line":134,"column":0},"end":{"line":134,"column":7}},"134":{"start":{"line":135,"column":0},"end":{"line":135,"column":5}},"136":{"start":{"line":137,"column":0},"end":{"line":137,"column":35}},"137":{"start":{"line":138,"column":0},"end":{"line":138,"column":33}},"138":{"start":{"line":139,"column":0},"end":{"line":139,"column":4}},"140":{"start":{"line":141,"column":0},"end":{"line":141,"column":10}},"141":{"start":{"line":142,"column":0},"end":{"line":142,"column":38}},"142":{"start":{"line":143,"column":0},"end":{"line":143,"column":22}},"143":{"start":{"line":144,"column":0},"end":{"line":144,"column":27}},"144":{"start":{"line":145,"column":0},"end":{"line":145,"column":17}},"145":{"start":{"line":146,"column":0},"end":{"line":146,"column":27}},"146":{"start":{"line":147,"column":0},"end":{"line":147,"column":31}},"147":{"start":{"line":148,"column":0},"end":{"line":148,"column":49}},"148":{"start":{"line":149,"column":0},"end":{"line":149,"column":12}},"150":{"start":{"line":151,"column":0},"end":{"line":151,"column":38}},"151":{"start":{"line":152,"column":0},"end":{"line":152,"column":51}},"153":{"start":{"line":154,"column":0},"end":{"line":154,"column":23}},"155":{"start":{"line":156,"column":0},"end":{"line":156,"column":15}},"156":{"start":{"line":157,"column":0},"end":{"line":157,"column":64}},"157":{"start":{"line":158,"column":0},"end":{"line":158,"column":39}},"158":{"start":{"line":159,"column":0},"end":{"line":159,"column":51}},"160":{"start":{"line":161,"column":0},"end":{"line":161,"column":24}},"161":{"start":{"line":162,"column":0},"end":{"line":162,"column":15}},"162":{"start":{"line":163,"column":0},"end":{"line":163,"column":22}},"163":{"start":{"line":164,"column":0},"end":{"line":164,"column":33}},"164":{"start":{"line":165,"column":0},"end":{"line":165,"column":52}},"165":{"start":{"line":166,"column":0},"end":{"line":166,"column":23}},"166":{"start":{"line":167,"column":0},"end":{"line":167,"column":52}},"167":{"start":{"line":168,"column":0},"end":{"line":168,"column":16}},"168":{"start":{"line":169,"column":0},"end":{"line":169,"column":15}},"169":{"start":{"line":170,"column":0},"end":{"line":170,"column":22}},"170":{"start":{"line":171,"column":0},"end":{"line":171,"column":34}},"171":{"start":{"line":172,"column":0},"end":{"line":172,"column":53}},"172":{"start":{"line":173,"column":0},"end":{"line":173,"column":23}},"173":{"start":{"line":174,"column":0},"end":{"line":174,"column":53}},"174":{"start":{"line":175,"column":0},"end":{"line":175,"column":16}},"175":{"start":{"line":176,"column":0},"end":{"line":176,"column":15}},"176":{"start":{"line":177,"column":0},"end":{"line":177,"column":22}},"177":{"start":{"line":178,"column":0},"end":{"line":178,"column":32}},"178":{"start":{"line":179,"column":0},"end":{"line":179,"column":51}},"179":{"start":{"line":180,"column":0},"end":{"line":180,"column":23}},"180":{"start":{"line":181,"column":0},"end":{"line":181,"column":51}},"181":{"start":{"line":182,"column":0},"end":{"line":182,"column":16}},"182":{"start":{"line":183,"column":0},"end":{"line":183,"column":15}},"183":{"start":{"line":184,"column":0},"end":{"line":184,"column":22}},"184":{"start":{"line":185,"column":0},"end":{"line":185,"column":37}},"185":{"start":{"line":186,"column":0},"end":{"line":186,"column":56}},"186":{"start":{"line":187,"column":0},"end":{"line":187,"column":23}},"187":{"start":{"line":188,"column":0},"end":{"line":188,"column":56}},"188":{"start":{"line":189,"column":0},"end":{"line":189,"column":16}},"189":{"start":{"line":190,"column":0},"end":{"line":190,"column":25}},"191":{"start":{"line":192,"column":0},"end":{"line":192,"column":25}},"192":{"start":{"line":193,"column":0},"end":{"line":193,"column":18}},"193":{"start":{"line":194,"column":0},"end":{"line":194,"column":24}},"194":{"start":{"line":195,"column":0},"end":{"line":195,"column":39}},"195":{"start":{"line":196,"column":0},"end":{"line":196,"column":11}},"197":{"start":{"line":198,"column":0},"end":{"line":198,"column":19}},"198":{"start":{"line":199,"column":0},"end":{"line":199,"column":26}},"199":{"start":{"line":200,"column":0},"end":{"line":200,"column":16}},"200":{"start":{"line":201,"column":0},"end":{"line":201,"column":11}},"202":{"start":{"line":203,"column":0},"end":{"line":203,"column":2}}},"s":{"0":1,"1":1,"3":1,"4":1,"11":1,"26":1,"34":1,"40":1,"45":1,"58":1,"62":1,"69":1,"76":1,"87":1,"94":1,"101":1,"115":1,"121":1,"126":1,"127":0,"128":0,"129":0,"130":0,"131":0,"132":0,"133":0,"134":0,"136":0,"137":0,"138":0,"140":0,"141":0,"142":0,"143":0,"144":0,"145":0,"146":0,"147":0,"148":0,"150":0,"151":0,"153":0,"155":0,"156":0,"157":0,"158":0,"160":0,"161":0,"162":0,"163":0,"164":0,"165":0,"166":0,"167":0,"168":0,"169":0,"170":0,"171":0,"172":0,"173":0,"174":0,"175":0,"176":0,"177":0,"178":0,"179":0,"180":0,"181":0,"182":0,"183":0,"184":0,"185":0,"186":0,"187":0,"188":0,"189":0,"191":0,"192":0,"193":0,"194":0,"195":0,"197":0,"198":0,"199":0,"200":0,"202":0},"branchMap":{},"b":{},"fnMap":{"0":{"name":"ChampionCard","decl":{"start":{"line":127,"column":28},"end":{"line":203,"column":2}},"loc":{"start":{"line":127,"column":28},"end":{"line":203,"column":2}},"line":127}},"f":{"0":0}}
,"D:\\Programs\\VS Code projects\\lol-champions\\src\\hooks\\redux.ts": {"path":"D:\\Programs\\VS Code projects\\lol-champions\\src\\hooks\\redux.ts","all":false,"statementMap":{"0":{"start":{"line":1,"column":0},"end":{"line":1,"column":82}},"3":{"start":{"line":4,"column":0},"end":{"line":4,"column":63}},"4":{"start":{"line":5,"column":0},"end":{"line":5,"column":75}}},"s":{"0":1,"3":1,"4":1},"branchMap":{"0":{"type":"branch","line":4,"loc":{"start":{"line":4,"column":30},"end":{"line":4,"column":63}},"locations":[{"start":{"line":4,"column":30},"end":{"line":4,"column":63}}]}},"b":{"0":[2]},"fnMap":{"0":{"name":"useAppDispatch","decl":{"start":{"line":4,"column":30},"end":{"line":4,"column":63}},"loc":{"start":{"line":4,"column":30},"end":{"line":4,"column":63}},"line":4}},"f":{"0":2}}
,"D:\\Programs\\VS Code projects\\lol-champions\\src\\pages\\HomePage.tsx": {"path":"D:\\Programs\\VS Code projects\\lol-champions\\src\\pages\\HomePage.tsx","all":false,"statementMap":{"0":{"start":{"line":1,"column":0},"end":{"line":1,"column":57}},"1":{"start":{"line":2,"column":0},"end":{"line":2,"column":47}},"2":{"start":{"line":3,"column":0},"end":{"line":3,"column":39}},"3":{"start":{"line":4,"column":0},"end":{"line":4,"column":61}},"4":{"start":{"line":5,"column":0},"end":{"line":5,"column":49}},"5":{"start":{"line":6,"column":0},"end":{"line":6,"column":48}},"6":{"start":{"line":7,"column":0},"end":{"line":7,"column":69}},"7":{"start":{"line":8,"column":0},"end":{"line":8,"column":62}},"10":{"start":{"line":11,"column":0},"end":{"line":11,"column":29}},"17":{"start":{"line":18,"column":0},"end":{"line":18,"column":35}},"38":{"start":{"line":39,"column":0},"end":{"line":39,"column":31}},"46":{"start":{"line":47,"column":0},"end":{"line":47,"column":28}},"60":{"start":{"line":61,"column":0},"end":{"line":61,"column":30}},"73":{"start":{"line":74,"column":0},"end":{"line":74,"column":34}},"89":{"start":{"line":90,"column":0},"end":{"line":90,"column":39}},"95":{"start":{"line":96,"column":0},"end":{"line":96,"column":36}},"101":{"start":{"line":102,"column":0},"end":{"line":102,"column":31}},"109":{"start":{"line":110,"column":0},"end":{"line":110,"column":32}},"116":{"start":{"line":117,"column":0},"end":{"line":117,"column":31}},"131":{"start":{"line":132,"column":0},"end":{"line":132,"column":31}},"136":{"start":{"line":137,"column":0},"end":{"line":137,"column":31}},"143":{"start":{"line":144,"column":0},"end":{"line":144,"column":36}},"148":{"start":{"line":149,"column":0},"end":{"line":149,"column":39}},"154":{"start":{"line":155,"column":0},"end":{"line":155,"column":32}},"160":{"start":{"line":161,"column":0},"end":{"line":161,"column":37}},"170":{"start":{"line":171,"column":0},"end":{"line":171,"column":34}},"177":{"start":{"line":178,"column":0},"end":{"line":178,"column":31}},"178":{"start":{"line":179,"column":0},"end":{"line":179,"column":33}},"179":{"start":{"line":180,"column":0},"end":{"line":180,"column":36}},"180":{"start":{"line":181,"column":0},"end":{"line":181,"column":53}},"181":{"start":{"line":182,"column":0},"end":{"line":182,"column":77}},"183":{"start":{"line":184,"column":0},"end":{"line":184,"column":57}},"184":{"start":{"line":185,"column":0},"end":{"line":185,"column":9}},"185":{"start":{"line":186,"column":0},"end":{"line":186,"column":28}},"186":{"start":{"line":187,"column":0},"end":{"line":187,"column":33}},"187":{"start":{"line":188,"column":0},"end":{"line":188,"column":64}},"189":{"start":{"line":190,"column":0},"end":{"line":190,"column":65}},"190":{"start":{"line":191,"column":0},"end":{"line":191,"column":49}},"191":{"start":{"line":192,"column":0},"end":{"line":192,"column":21}},"192":{"start":{"line":193,"column":0},"end":{"line":193,"column":64}},"193":{"start":{"line":194,"column":0},"end":{"line":194,"column":61}},"194":{"start":{"line":195,"column":0},"end":{"line":195,"column":15}},"195":{"start":{"line":196,"column":0},"end":{"line":196,"column":29}},"196":{"start":{"line":197,"column":0},"end":{"line":197,"column":34}},"197":{"start":{"line":198,"column":0},"end":{"line":198,"column":5}},"198":{"start":{"line":199,"column":0},"end":{"line":199,"column":17}},"200":{"start":{"line":201,"column":0},"end":{"line":201,"column":19}},"201":{"start":{"line":202,"column":0},"end":{"line":202,"column":28}},"202":{"start":{"line":203,"column":0},"end":{"line":203,"column":30}},"204":{"start":{"line":205,"column":0},"end":{"line":205,"column":45}},"205":{"start":{"line":206,"column":0},"end":{"line":206,"column":32}},"206":{"start":{"line":207,"column":0},"end":{"line":207,"column":4}},"208":{"start":{"line":209,"column":0},"end":{"line":209,"column":37}},"209":{"start":{"line":210,"column":0},"end":{"line":210,"column":27}},"210":{"start":{"line":211,"column":0},"end":{"line":211,"column":4}},"212":{"start":{"line":213,"column":0},"end":{"line":213,"column":10}},"213":{"start":{"line":214,"column":0},"end":{"line":214,"column":15}},"214":{"start":{"line":215,"column":0},"end":{"line":215,"column":19}},"215":{"start":{"line":216,"column":0},"end":{"line":216,"column":21}},"216":{"start":{"line":217,"column":0},"end":{"line":217,"column":51}},"217":{"start":{"line":218,"column":0},"end":{"line":218,"column":24}},"220":{"start":{"line":221,"column":0},"end":{"line":221,"column":25}},"221":{"start":{"line":222,"column":0},"end":{"line":222,"column":52}},"223":{"start":{"line":224,"column":0},"end":{"line":224,"column":23}},"224":{"start":{"line":225,"column":0},"end":{"line":225,"column":22}},"225":{"start":{"line":226,"column":0},"end":{"line":226,"column":20}},"227":{"start":{"line":228,"column":0},"end":{"line":228,"column":23}},"228":{"start":{"line":229,"column":0},"end":{"line":229,"column":26}},"229":{"start":{"line":230,"column":0},"end":{"line":230,"column":65}},"230":{"start":{"line":231,"column":0},"end":{"line":231,"column":24}},"231":{"start":{"line":232,"column":0},"end":{"line":232,"column":25}},"232":{"start":{"line":233,"column":0},"end":{"line":233,"column":43}},"233":{"start":{"line":234,"column":0},"end":{"line":234,"column":57}},"234":{"start":{"line":235,"column":0},"end":{"line":235,"column":34}},"236":{"start":{"line":237,"column":0},"end":{"line":237,"column":35}},"237":{"start":{"line":238,"column":0},"end":{"line":238,"column":26}},"238":{"start":{"line":239,"column":0},"end":{"line":239,"column":25}},"239":{"start":{"line":240,"column":0},"end":{"line":240,"column":43}},"240":{"start":{"line":241,"column":0},"end":{"line":241,"column":61}},"241":{"start":{"line":242,"column":0},"end":{"line":242,"column":34}},"243":{"start":{"line":244,"column":0},"end":{"line":244,"column":35}},"244":{"start":{"line":245,"column":0},"end":{"line":245,"column":26}},"245":{"start":{"line":246,"column":0},"end":{"line":246,"column":25}},"246":{"start":{"line":247,"column":0},"end":{"line":247,"column":43}},"247":{"start":{"line":248,"column":0},"end":{"line":248,"column":54}},"248":{"start":{"line":249,"column":0},"end":{"line":249,"column":34}},"250":{"start":{"line":251,"column":0},"end":{"line":251,"column":35}},"251":{"start":{"line":252,"column":0},"end":{"line":252,"column":26}},"252":{"start":{"line":253,"column":0},"end":{"line":253,"column":25}},"253":{"start":{"line":254,"column":0},"end":{"line":254,"column":27}},"254":{"start":{"line":255,"column":0},"end":{"line":255,"column":24}},"256":{"start":{"line":257,"column":0},"end":{"line":257,"column":23}},"257":{"start":{"line":258,"column":0},"end":{"line":258,"column":26}},"258":{"start":{"line":259,"column":0},"end":{"line":259,"column":57}},"259":{"start":{"line":260,"column":0},"end":{"line":260,"column":22}},"260":{"start":{"line":261,"column":0},"end":{"line":261,"column":74}},"262":{"start":{"line":263,"column":0},"end":{"line":263,"column":14}},"263":{"start":{"line":264,"column":0},"end":{"line":264,"column":28}},"264":{"start":{"line":265,"column":0},"end":{"line":265,"column":52}},"265":{"start":{"line":266,"column":0},"end":{"line":266,"column":31}},"266":{"start":{"line":267,"column":0},"end":{"line":267,"column":37}},"267":{"start":{"line":268,"column":0},"end":{"line":268,"column":39}},"268":{"start":{"line":269,"column":0},"end":{"line":269,"column":53}},"269":{"start":{"line":270,"column":0},"end":{"line":270,"column":20}},"270":{"start":{"line":271,"column":0},"end":{"line":271,"column":19}},"271":{"start":{"line":272,"column":0},"end":{"line":272,"column":29}},"272":{"start":{"line":273,"column":0},"end":{"line":273,"column":59}},"274":{"start":{"line":275,"column":0},"end":{"line":275,"column":30}},"275":{"start":{"line":276,"column":0},"end":{"line":276,"column":15}},"277":{"start":{"line":278,"column":0},"end":{"line":278,"column":27}},"278":{"start":{"line":279,"column":0},"end":{"line":279,"column":24}},"279":{"start":{"line":280,"column":0},"end":{"line":280,"column":16}},"281":{"start":{"line":282,"column":0},"end":{"line":282,"column":2}}},"s":{"0":1,"1":1,"2":1,"3":1,"4":1,"5":1,"6":1,"7":1,"10":1,"17":1,"38":1,"46":1,"60":1,"73":1,"89":1,"95":1,"101":1,"109":1,"116":1,"131":1,"136":1,"143":1,"148":1,"154":1,"160":1,"170":1,"177":1,"178":2,"179":2,"180":2,"181":2,"183":2,"184":1,"185":1,"186":1,"187":1,"189":0,"190":0,"191":0,"192":0,"193":0,"194":0,"195":0,"196":0,"197":0,"198":2,"200":2,"201":1,"202":2,"204":2,"205":0,"206":0,"208":2,"209":0,"210":0,"212":2,"213":2,"214":2,"215":2,"216":2,"217":2,"220":2,"221":2,"223":2,"224":2,"225":2,"227":2,"228":2,"229":2,"230":2,"231":2,"232":2,"233":2,"234":2,"236":2,"237":2,"238":2,"239":2,"240":2,"241":2,"243":2,"244":2,"245":2,"246":2,"247":2,"248":2,"250":2,"251":2,"252":2,"253":2,"254":2,"256":2,"257":2,"258":2,"259":2,"260":1,"262":1,"263":1,"264":1,"265":0,"266":0,"267":0,"268":0,"269":0,"270":1,"271":1,"272":1,"274":1,"275":1,"277":2,"278":2,"279":2,"281":2},"branchMap":{"0":{"type":"branch","line":178,"loc":{"start":{"line":178,"column":24},"end":{"line":282,"column":2}},"locations":[{"start":{"line":178,"column":24},"end":{"line":282,"column":2}}]},"1":{"type":"branch","line":260,"loc":{"start":{"line":260,"column":11},"end":{"line":261,"column":74}},"locations":[{"start":{"line":260,"column":11},"end":{"line":261,"column":74}}]},"2":{"type":"branch","line":261,"loc":{"start":{"line":261,"column":57},"end":{"line":276,"column":15}},"locations":[{"start":{"line":261,"column":57},"end":{"line":276,"column":15}}]},"3":{"type":"branch","line":184,"loc":{"start":{"line":184,"column":44},"end":{"line":199,"column":5}},"locations":[{"start":{"line":184,"column":44},"end":{"line":199,"column":5}}]},"4":{"type":"branch","line":188,"loc":{"start":{"line":188,"column":62},"end":{"line":198,"column":5}},"locations":[{"start":{"line":188,"column":62},"end":{"line":198,"column":5}}]},"5":{"type":"branch","line":201,"loc":{"start":{"line":201,"column":12},"end":{"line":203,"column":5}},"locations":[{"start":{"line":201,"column":12},"end":{"line":203,"column":5}}]}},"b":{"0":[2],"1":[1],"2":[1],"3":[1],"4":[0],"5":[1]},"fnMap":{"0":{"name":"HomePage","decl":{"start":{"line":178,"column":24},"end":{"line":282,"column":2}},"loc":{"start":{"line":178,"column":24},"end":{"line":282,"column":2}},"line":178},"1":{"name":"handleViewDetails","decl":{"start":{"line":205,"column":28},"end":{"line":207,"column":4}},"loc":{"start":{"line":205,"column":28},"end":{"line":207,"column":4}},"line":205},"2":{"name":"handleViewChampions","decl":{"start":{"line":209,"column":30},"end":{"line":211,"column":4}},"loc":{"start":{"line":209,"column":30},"end":{"line":211,"column":4}},"line":209}},"f":{"0":2,"1":0,"2":0}}
,"D:\\Programs\\VS Code projects\\lol-champions\\src\\services\\championService.ts": {"path":"D:\\Programs\\VS Code projects\\lol-champions\\src\\services\\championService.ts","all":false,"statementMap":{"0":{"start":{"line":1,"column":0},"end":{"line":1,"column":26}},"3":{"start":{"line":4,"column":0},"end":{"line":4,"column":63}},"6":{"start":{"line":7,"column":0},"end":{"line":7,"column":55}},"7":{"start":{"line":8,"column":0},"end":{"line":8,"column":7}},"8":{"start":{"line":9,"column":0},"end":{"line":9,"column":78}},"9":{"start":{"line":10,"column":0},"end":{"line":10,"column":28}},"10":{"start":{"line":11,"column":0},"end":{"line":11,"column":19}},"11":{"start":{"line":12,"column":0},"end":{"line":12,"column":59}},"12":{"start":{"line":13,"column":0},"end":{"line":13,"column":40}},"13":{"start":{"line":14,"column":0},"end":{"line":14,"column":3}},"14":{"start":{"line":15,"column":0},"end":{"line":15,"column":2}},"16":{"start":{"line":17,"column":0},"end":{"line":17,"column":32}},"18":{"start":{"line":19,"column":0},"end":{"line":19,"column":48}},"19":{"start":{"line":20,"column":0},"end":{"line":20,"column":9}},"20":{"start":{"line":21,"column":0},"end":{"line":21,"column":47}},"21":{"start":{"line":22,"column":0},"end":{"line":22,"column":39}},"22":{"start":{"line":23,"column":0},"end":{"line":23,"column":69}},"23":{"start":{"line":24,"column":0},"end":{"line":24,"column":8}},"25":{"start":{"line":26,"column":0},"end":{"line":26,"column":47}},"26":{"start":{"line":27,"column":0},"end":{"line":27,"column":56}},"27":{"start":{"line":28,"column":0},"end":{"line":28,"column":21}},"28":{"start":{"line":29,"column":0},"end":{"line":29,"column":56}},"29":{"start":{"line":30,"column":0},"end":{"line":30,"column":51}},"30":{"start":{"line":31,"column":0},"end":{"line":31,"column":5}},"31":{"start":{"line":32,"column":0},"end":{"line":32,"column":4}},"34":{"start":{"line":35,"column":0},"end":{"line":35,"column":76}},"35":{"start":{"line":36,"column":0},"end":{"line":36,"column":9}},"36":{"start":{"line":37,"column":0},"end":{"line":37,"column":47}},"37":{"start":{"line":38,"column":0},"end":{"line":38,"column":39}},"38":{"start":{"line":39,"column":0},"end":{"line":39,"column":85}},"39":{"start":{"line":40,"column":0},"end":{"line":40,"column":8}},"41":{"start":{"line":42,"column":0},"end":{"line":42,"column":60}},"42":{"start":{"line":43,"column":0},"end":{"line":43,"column":45}},"43":{"start":{"line":44,"column":0},"end":{"line":44,"column":21}},"44":{"start":{"line":45,"column":0},"end":{"line":45,"column":63}},"45":{"start":{"line":46,"column":0},"end":{"line":46,"column":58}},"46":{"start":{"line":47,"column":0},"end":{"line":47,"column":5}},"47":{"start":{"line":48,"column":0},"end":{"line":48,"column":4}},"50":{"start":{"line":51,"column":0},"end":{"line":51,"column":65}},"51":{"start":{"line":52,"column":0},"end":{"line":52,"column":45}},"52":{"start":{"line":53,"column":0},"end":{"line":53,"column":74}},"53":{"start":{"line":54,"column":0},"end":{"line":54,"column":4}},"56":{"start":{"line":57,"column":0},"end":{"line":57,"column":62}},"57":{"start":{"line":58,"column":0},"end":{"line":58,"column":45}},"58":{"start":{"line":59,"column":0},"end":{"line":59,"column":71}},"59":{"start":{"line":60,"column":0},"end":{"line":60,"column":4}},"62":{"start":{"line":63,"column":0},"end":{"line":63,"column":64}},"63":{"start":{"line":64,"column":0},"end":{"line":64,"column":45}},"64":{"start":{"line":65,"column":0},"end":{"line":65,"column":73}},"65":{"start":{"line":66,"column":0},"end":{"line":66,"column":4}},"68":{"start":{"line":69,"column":0},"end":{"line":69,"column":89}},"69":{"start":{"line":70,"column":0},"end":{"line":70,"column":47}},"70":{"start":{"line":71,"column":0},"end":{"line":71,"column":40}},"71":{"start":{"line":72,"column":0},"end":{"line":72,"column":61}},"72":{"start":{"line":73,"column":0},"end":{"line":73,"column":62}},"73":{"start":{"line":74,"column":0},"end":{"line":74,"column":75}},"74":{"start":{"line":75,"column":0},"end":{"line":75,"column":6}},"75":{"start":{"line":76,"column":0},"end":{"line":76,"column":4}},"78":{"start":{"line":79,"column":0},"end":{"line":79,"column":85}},"79":{"start":{"line":80,"column":0},"end":{"line":80,"column":41}},"80":{"start":{"line":81,"column":0},"end":{"line":81,"column":70}},"81":{"start":{"line":82,"column":0},"end":{"line":82,"column":4}},"82":{"start":{"line":83,"column":0},"end":{"line":83,"column":2}}},"s":{"0":1,"3":1,"6":1,"7":1,"8":1,"9":0,"10":0,"11":0,"12":0,"13":0,"14":1,"16":1,"18":1,"19":1,"20":1,"21":0,"22":0,"23":0,"25":0,"26":0,"27":0,"28":0,"29":0,"30":0,"31":1,"34":1,"35":0,"36":0,"37":0,"38":0,"39":0,"41":0,"42":0,"43":0,"44":0,"45":0,"46":0,"47":0,"50":1,"51":0,"52":0,"53":0,"56":1,"57":0,"58":0,"59":0,"62":1,"63":0,"64":0,"65":0,"68":1,"69":0,"70":0,"71":0,"72":0,"73":0,"74":0,"75":0,"78":1,"79":0,"80":0,"81":0,"82":1},"branchMap":{"0":{"type":"branch","line":7,"loc":{"start":{"line":7,"column":25},"end":{"line":15,"column":2}},"locations":[{"start":{"line":7,"column":25},"end":{"line":15,"column":2}}]},"1":{"type":"branch","line":9,"loc":{"start":{"line":9,"column":76},"end":{"line":14,"column":3}},"locations":[{"start":{"line":9,"column":76},"end":{"line":14,"column":3}}]},"2":{"type":"branch","line":19,"loc":{"start":{"line":19,"column":2},"end":{"line":32,"column":4}},"locations":[{"start":{"line":19,"column":2},"end":{"line":32,"column":4}}]},"3":{"type":"branch","line":21,"loc":{"start":{"line":21,"column":45},"end":{"line":31,"column":5}},"locations":[{"start":{"line":21,"column":45},"end":{"line":31,"column":5}}]}},"b":{"0":[1],"1":[0],"2":[1],"3":[0]},"fnMap":{"0":{"name":"getLatestVersion","decl":{"start":{"line":7,"column":25},"end":{"line":15,"column":2}},"loc":{"start":{"line":7,"column":25},"end":{"line":15,"column":2}},"line":7},"1":{"name":"getAllChampions","decl":{"start":{"line":19,"column":2},"end":{"line":32,"column":4}},"loc":{"start":{"line":19,"column":2},"end":{"line":32,"column":4}},"line":19},"2":{"name":"getChampionDetails","decl":{"start":{"line":35,"column":2},"end":{"line":48,"column":4}},"loc":{"start":{"line":35,"column":2},"end":{"line":48,"column":4}},"line":35},"3":{"name":"getChampionImageUrl","decl":{"start":{"line":51,"column":2},"end":{"line":54,"column":4}},"loc":{"start":{"line":51,"column":2},"end":{"line":54,"column":4}},"line":51},"4":{"name":"getSpellImageUrl","decl":{"start":{"line":57,"column":2},"end":{"line":60,"column":4}},"loc":{"start":{"line":57,"column":2},"end":{"line":60,"column":4}},"line":57},"5":{"name":"getPassiveImageUrl","decl":{"start":{"line":63,"column":2},"end":{"line":66,"column":4}},"loc":{"start":{"line":63,"column":2},"end":{"line":66,"column":4}},"line":63},"6":{"name":"searchChampions","decl":{"start":{"line":69,"column":19},"end":{"line":76,"column":4}},"loc":{"start":{"line":69,"column":19},"end":{"line":76,"column":4}},"line":69},"7":{"name":"filterByRole","decl":{"start":{"line":79,"column":16},"end":{"line":82,"column":4}},"loc":{"start":{"line":79,"column":16},"end":{"line":82,"column":4}},"line":79}},"f":{"0":1,"1":1,"2":0,"3":0,"4":0,"5":0,"6":0,"7":0}}
,"D:\\Programs\\VS Code projects\\lol-champions\\src\\store\\slices\\championSlice.ts": {"path":"D:\\Programs\\VS Code projects\\lol-champions\\src\\store\\slices\\championSlice.ts","all":false,"statementMap":{"0":{"start":{"line":1,"column":0},"end":{"line":1,"column":67}},"12":{"start":{"line":13,"column":0},"end":{"line":13,"column":37}},"13":{"start":{"line":14,"column":0},"end":{"line":14,"column":16}},"14":{"start":{"line":15,"column":0},"end":{"line":15,"column":24}},"15":{"start":{"line":16,"column":0},"end":{"line":16,"column":17}},"16":{"start":{"line":17,"column":0},"end":{"line":17,"column":14}},"17":{"start":{"line":18,"column":0},"end":{"line":18,"column":20}},"18":{"start":{"line":19,"column":0},"end":{"line":19,"column":18}},"19":{"start":{"line":20,"column":0},"end":{"line":20,"column":2}},"21":{"start":{"line":22,"column":0},"end":{"line":22,"column":35}},"22":{"start":{"line":23,"column":0},"end":{"line":23,"column":20}},"23":{"start":{"line":24,"column":0},"end":{"line":24,"column":15}},"24":{"start":{"line":25,"column":0},"end":{"line":25,"column":13}},"25":{"start":{"line":26,"column":0},"end":{"line":26,"column":65}},"26":{"start":{"line":27,"column":0},"end":{"line":27,"column":39}},"27":{"start":{"line":28,"column":0},"end":{"line":28,"column":28}},"28":{"start":{"line":29,"column":0},"end":{"line":29,"column":25}},"29":{"start":{"line":30,"column":0},"end":{"line":30,"column":6}},"30":{"start":{"line":31,"column":0},"end":{"line":31,"column":76}},"31":{"start":{"line":32,"column":0},"end":{"line":32,"column":45}},"32":{"start":{"line":33,"column":0},"end":{"line":33,"column":28}},"33":{"start":{"line":34,"column":0},"end":{"line":34,"column":25}},"34":{"start":{"line":35,"column":0},"end":{"line":35,"column":6}},"35":{"start":{"line":36,"column":0},"end":{"line":36,"column":60}},"36":{"start":{"line":37,"column":0},"end":{"line":37,"column":37}},"37":{"start":{"line":38,"column":0},"end":{"line":38,"column":6}},"38":{"start":{"line":39,"column":0},"end":{"line":39,"column":57}},"39":{"start":{"line":40,"column":0},"end":{"line":40,"column":35}},"40":{"start":{"line":41,"column":0},"end":{"line":41,"column":28}},"41":{"start":{"line":42,"column":0},"end":{"line":42,"column":6}},"42":{"start":{"line":43,"column":0},"end":{"line":43,"column":73}},"43":{"start":{"line":44,"column":0},"end":{"line":44,"column":43}},"44":{"start":{"line":45,"column":0},"end":{"line":45,"column":6}},"45":{"start":{"line":46,"column":0},"end":{"line":46,"column":65}},"46":{"start":{"line":47,"column":0},"end":{"line":47,"column":34}},"47":{"start":{"line":48,"column":0},"end":{"line":48,"column":47}},"48":{"start":{"line":49,"column":0},"end":{"line":49,"column":74}},"49":{"start":{"line":50,"column":0},"end":{"line":50,"column":14}},"50":{"start":{"line":51,"column":0},"end":{"line":51,"column":39}},"51":{"start":{"line":52,"column":0},"end":{"line":52,"column":7}},"52":{"start":{"line":53,"column":0},"end":{"line":53,"column":6}},"53":{"start":{"line":54,"column":0},"end":{"line":54,"column":28}},"54":{"start":{"line":55,"column":0},"end":{"line":55,"column":31}},"55":{"start":{"line":56,"column":0},"end":{"line":56,"column":6}},"56":{"start":{"line":57,"column":0},"end":{"line":57,"column":63}},"57":{"start":{"line":58,"column":0},"end":{"line":58,"column":41}},"58":{"start":{"line":59,"column":0},"end":{"line":59,"column":6}},"59":{"start":{"line":60,"column":0},"end":{"line":60,"column":38}},"60":{"start":{"line":61,"column":0},"end":{"line":61,"column":35}},"61":{"start":{"line":62,"column":0},"end":{"line":62,"column":6}},"62":{"start":{"line":63,"column":0},"end":{"line":63,"column":33}},"63":{"start":{"line":64,"column":0},"end":{"line":64,"column":31}},"64":{"start":{"line":65,"column":0},"end":{"line":65,"column":29}},"65":{"start":{"line":66,"column":0},"end":{"line":66,"column":6}},"66":{"start":{"line":67,"column":0},"end":{"line":67,"column":4}},"67":{"start":{"line":68,"column":0},"end":{"line":68,"column":3}},"69":{"start":{"line":70,"column":0},"end":{"line":70,"column":14}},"70":{"start":{"line":71,"column":0},"end":{"line":71,"column":15}},"71":{"start":{"line":72,"column":0},"end":{"line":72,"column":21}},"72":{"start":{"line":73,"column":0},"end":{"line":73,"column":13}},"73":{"start":{"line":74,"column":0},"end":{"line":74,"column":11}},"74":{"start":{"line":75,"column":0},"end":{"line":75,"column":19}},"75":{"start":{"line":76,"column":0},"end":{"line":76,"column":13}},"76":{"start":{"line":77,"column":0},"end":{"line":77,"column":13}},"77":{"start":{"line":78,"column":0},"end":{"line":78,"column":17}},"78":{"start":{"line":79,"column":0},"end":{"line":79,"column":23}},"79":{"start":{"line":80,"column":0},"end":{"line":80,"column":18}},"80":{"start":{"line":81,"column":0},"end":{"line":81,"column":26}},"82":{"start":{"line":83,"column":0},"end":{"line":83,"column":37}}},"s":{"0":1,"12":1,"13":1,"14":1,"15":1,"16":1,"17":1,"18":1,"19":1,"21":1,"22":1,"23":1,"24":1,"25":1,"26":0,"27":0,"28":0,"29":0,"30":1,"31":0,"32":0,"33":0,"34":0,"35":1,"36":1,"37":1,"38":1,"39":0,"40":0,"41":0,"42":1,"43":0,"44":0,"45":1,"46":0,"47":0,"48":0,"49":0,"50":0,"51":0,"52":0,"53":1,"54":0,"55":0,"56":1,"57":0,"58":0,"59":1,"60":0,"61":0,"62":1,"63":0,"64":0,"65":0,"66":1,"67":1,"69":1,"70":1,"71":1,"72":1,"73":1,"74":1,"75":1,"76":1,"77":1,"78":1,"79":1,"80":1,"82":1},"branchMap":{"0":{"type":"branch","line":36,"loc":{"start":{"line":36,"column":16},"end":{"line":38,"column":6}},"locations":[{"start":{"line":36,"column":16},"end":{"line":38,"column":6}}]}},"b":{"0":[1]},"fnMap":{"0":{"name":"setChampions","decl":{"start":{"line":26,"column":18},"end":{"line":30,"column":6}},"loc":{"start":{"line":26,"column":18},"end":{"line":30,"column":6}},"line":26},"1":{"name":"setChampionDetails","decl":{"start":{"line":31,"column":24},"end":{"line":35,"column":6}},"loc":{"start":{"line":31,"column":24},"end":{"line":35,"column":6}},"line":31},"2":{"name":"setLoading","decl":{"start":{"line":36,"column":16},"end":{"line":38,"column":6}},"loc":{"start":{"line":36,"column":16},"end":{"line":38,"column":6}},"line":36},"3":{"name":"setError","decl":{"start":{"line":39,"column":14},"end":{"line":42,"column":6}},"loc":{"start":{"line":39,"column":14},"end":{"line":42,"column":6}},"line":39},"4":{"name":"setSelectedRoles","decl":{"start":{"line":43,"column":22},"end":{"line":45,"column":6}},"loc":{"start":{"line":43,"column":22},"end":{"line":45,"column":6}},"line":43},"5":{"name":"toggleRole","decl":{"start":{"line":46,"column":16},"end":{"line":53,"column":6}},"loc":{"start":{"line":46,"column":16},"end":{"line":53,"column":6}},"line":46},"6":{"name":"clearRoles","decl":{"start":{"line":54,"column":16},"end":{"line":56,"column":6}},"loc":{"start":{"line":54,"column":16},"end":{"line":56,"column":6}},"line":54},"7":{"name":"setSearchQuery","decl":{"start":{"line":57,"column":20},"end":{"line":59,"column":6}},"loc":{"start":{"line":57,"column":20},"end":{"line":59,"column":6}},"line":57},"8":{"name":"clearChampionDetails","decl":{"start":{"line":60,"column":26},"end":{"line":62,"column":6}},"loc":{"start":{"line":60,"column":26},"end":{"line":62,"column":6}},"line":60},"9":{"name":"clearAllFilters","decl":{"start":{"line":63,"column":21},"end":{"line":66,"column":6}},"loc":{"start":{"line":63,"column":21},"end":{"line":66,"column":6}},"line":63}},"f":{"0":0,"1":0,"2":1,"3":0,"4":0,"5":0,"6":0,"7":0,"8":0,"9":0}}
}
